Command line:
   tb_control_isim_beh.exe
     -simmode  gui
     -simrunnum  0
     -socket  49913

Tue Jan 08 00:07:52 2019


 Elaboration Time: 0.03125 sec

 Current Memory Usage: 5174.04 Meg

 Total Signals          : 20
 Total Nets             : 17
 Total Signal Drivers   : 11
 Total Blocks           : 5
 Total Primitive Blocks : 4
 Total Processes        : 4
 Total Traceable Variables  : 11
 Total Scalar Nets and Variables : 396
Total Line Count : 89

 Total Simulation Time: 0.03125 sec

 Current Memory Usage: 5174.04 Meg

Tue Jan 08 00:08:04 2019

