--------------------------------------------------------------------------------
Release 14.7 Trace  (nt64)
Copyright (c) 1995-2013 Xilinx, Inc.  All rights reserved.

C:\Xilinx\14.7\ISE_DS\ISE\bin\nt64\unwrapped\trce.exe -intstyle ise -v 3 -s 4
-n 3 -fastpaths -xml idea_com.twx idea_com.ncd -o idea_com.twr idea_com.pcf
-ucf idea_hw.ucf

Design file:              idea_com.ncd
Physical constraint file: idea_com.pcf
Device,package,speed:     xc3s500e,fg320,-4 (PRODUCTION 1.27 2013-10-13)
Report level:             verbose report

Environment Variable      Effect 
--------------------      ------ 
NONE                      No environment variables were set
--------------------------------------------------------------------------------

INFO:Timing:3412 - To improve timing, see the Timing Closure User Guide (UG612).
INFO:Timing:2752 - To get complete path coverage, use the unconstrained paths 
   option. All paths that are not constrained will be reported in the 
   unconstrained paths section(s) of the report.
INFO:Timing:3339 - The clock-to-out numbers in this timing report are based on 
   a 50 Ohm transmission line loading model.  For the details of this model, 
   and for more information on accounting for different loading conditions, 
   please see the device datasheet.
INFO:Timing:3390 - This architecture does not support a default System Jitter 
   value, please add SYSTEM_JITTER constraint to the UCF to modify the Clock 
   Uncertainty calculation.
INFO:Timing:3389 - This architecture does not support 'Discrete Jitter' and 
   'Phase Error' calculations, these terms will be zero in the Clock 
   Uncertainty calculation.  Please make appropriate modification to 
   SYSTEM_JITTER to account for the unsupported Discrete Jitter and Phase 
   Error.

================================================================================
Timing constraint: NET "Clk_BUFGP/IBUFG" PERIOD = 20 ns HIGH 40%;
For more information, see Period Analysis in the Timing Closure User Guide (UG612).

 2607 paths analyzed, 112 endpoints analyzed, 0 failing endpoints
 0 timing errors detected. (0 setup errors, 0 hold errors, 0 component switching limit errors)
 Minimum period is   7.584ns.
--------------------------------------------------------------------------------

Paths for end point clk_div_1/counter_4 (SLICE_X49Y72.SR), 63 paths
--------------------------------------------------------------------------------
Slack (setup path):     12.416ns (requirement - (data path - clock path skew + uncertainty))
  Source:               clk_div_1/counter_25 (FF)
  Destination:          clk_div_1/counter_4 (FF)
  Requirement:          20.000ns
  Data Path Delay:      7.580ns (Levels of Logic = 3)
  Clock Path Skew:      -0.004ns (0.011 - 0.015)
  Source Clock:         Clk_BUFGP rising at 0.000ns
  Destination Clock:    Clk_BUFGP rising at 20.000ns
  Clock Uncertainty:    0.000ns

  Maximum Data Path: clk_div_1/counter_25 to clk_div_1/counter_4
    Location             Delay type         Delay(ns)  Physical Resource
                                                       Logical Resource(s)
    -------------------------------------------------  -------------------
    SLICE_X49Y82.YQ      Tcko                  0.587   clk_div_1/counter<24>
                                                       clk_div_1/counter_25
    SLICE_X51Y77.G1      net (fanout=3)        1.741   clk_div_1/counter<25>
    SLICE_X51Y77.COUT    Topcyg                1.001   clk_div_1/Mcompar_CLK_OUT_cmp_lt0001_cy<9>
                                                       clk_div_1/Mcompar_CLK_OUT_cmp_lt0001_lut<9>
                                                       clk_div_1/Mcompar_CLK_OUT_cmp_lt0001_cy<9>
    SLICE_X51Y78.CIN     net (fanout=1)        0.000   clk_div_1/Mcompar_CLK_OUT_cmp_lt0001_cy<9>
    SLICE_X51Y78.COUT    Tbyp                  0.118   clk_div_1/Mcompar_CLK_OUT_cmp_lt0001_cy<11>
                                                       clk_div_1/Mcompar_CLK_OUT_cmp_lt0001_cy<10>
                                                       clk_div_1/Mcompar_CLK_OUT_cmp_lt0001_cy<11>
    SLICE_X48Y80.G2      net (fanout=2)        0.959   clk_div_1/Mcompar_CLK_OUT_cmp_lt0001_cy<11>
    SLICE_X48Y80.Y       Tilo                  0.759   clk_div_1/counter_and0000
                                                       clk_div_1/counter_and00001
    SLICE_X49Y72.SR      net (fanout=16)       1.505   clk_div_1/counter_and0000
    SLICE_X49Y72.CLK     Tsrck                 0.910   clk_div_1/counter<4>
                                                       clk_div_1/counter_4
    -------------------------------------------------  ---------------------------
    Total                                      7.580ns (3.375ns logic, 4.205ns route)
                                                       (44.5% logic, 55.5% route)

--------------------------------------------------------------------------------
Slack (setup path):     12.538ns (requirement - (data path - clock path skew + uncertainty))
  Source:               clk_div_1/counter_5 (FF)
  Destination:          clk_div_1/counter_4 (FF)
  Requirement:          20.000ns
  Data Path Delay:      7.462ns (Levels of Logic = 6)
  Clock Path Skew:      0.000ns
  Source Clock:         Clk_BUFGP rising at 0.000ns
  Destination Clock:    Clk_BUFGP rising at 20.000ns
  Clock Uncertainty:    0.000ns

  Maximum Data Path: clk_div_1/counter_5 to clk_div_1/counter_4
    Location             Delay type         Delay(ns)  Physical Resource
                                                       Logical Resource(s)
    -------------------------------------------------  -------------------
    SLICE_X49Y72.YQ      Tcko                  0.587   clk_div_1/counter<4>
                                                       clk_div_1/counter_5
    SLICE_X51Y74.F1      net (fanout=3)        1.108   clk_div_1/counter<5>
    SLICE_X51Y74.COUT    Topcyf                1.162   clk_div_1/Mcompar_CLK_OUT_cmp_lt0001_cy<3>
                                                       clk_div_1/counter<5>_rt.1
                                                       clk_div_1/Mcompar_CLK_OUT_cmp_lt0001_cy<2>
                                                       clk_div_1/Mcompar_CLK_OUT_cmp_lt0001_cy<3>
    SLICE_X51Y75.CIN     net (fanout=1)        0.000   clk_div_1/Mcompar_CLK_OUT_cmp_lt0001_cy<3>
    SLICE_X51Y75.COUT    Tbyp                  0.118   clk_div_1/Mcompar_CLK_OUT_cmp_lt0001_cy<5>
                                                       clk_div_1/Mcompar_CLK_OUT_cmp_lt0001_cy<4>
                                                       clk_div_1/Mcompar_CLK_OUT_cmp_lt0001_cy<5>
    SLICE_X51Y76.CIN     net (fanout=1)        0.000   clk_div_1/Mcompar_CLK_OUT_cmp_lt0001_cy<5>
    SLICE_X51Y76.COUT    Tbyp                  0.118   clk_div_1/Mcompar_CLK_OUT_cmp_lt0001_cy<7>
                                                       clk_div_1/Mcompar_CLK_OUT_cmp_lt0001_cy<6>
                                                       clk_div_1/Mcompar_CLK_OUT_cmp_lt0001_cy<7>
    SLICE_X51Y77.CIN     net (fanout=1)        0.000   clk_div_1/Mcompar_CLK_OUT_cmp_lt0001_cy<7>
    SLICE_X51Y77.COUT    Tbyp                  0.118   clk_div_1/Mcompar_CLK_OUT_cmp_lt0001_cy<9>
                                                       clk_div_1/Mcompar_CLK_OUT_cmp_lt0001_cy<8>
                                                       clk_div_1/Mcompar_CLK_OUT_cmp_lt0001_cy<9>
    SLICE_X51Y78.CIN     net (fanout=1)        0.000   clk_div_1/Mcompar_CLK_OUT_cmp_lt0001_cy<9>
    SLICE_X51Y78.COUT    Tbyp                  0.118   clk_div_1/Mcompar_CLK_OUT_cmp_lt0001_cy<11>
                                                       clk_div_1/Mcompar_CLK_OUT_cmp_lt0001_cy<10>
                                                       clk_div_1/Mcompar_CLK_OUT_cmp_lt0001_cy<11>
    SLICE_X48Y80.G2      net (fanout=2)        0.959   clk_div_1/Mcompar_CLK_OUT_cmp_lt0001_cy<11>
    SLICE_X48Y80.Y       Tilo                  0.759   clk_div_1/counter_and0000
                                                       clk_div_1/counter_and00001
    SLICE_X49Y72.SR      net (fanout=16)       1.505   clk_div_1/counter_and0000
    SLICE_X49Y72.CLK     Tsrck                 0.910   clk_div_1/counter<4>
                                                       clk_div_1/counter_4
    -------------------------------------------------  ---------------------------
    Total                                      7.462ns (3.890ns logic, 3.572ns route)
                                                       (52.1% logic, 47.9% route)

--------------------------------------------------------------------------------
Slack (setup path):     12.696ns (requirement - (data path - clock path skew + uncertainty))
  Source:               clk_div_1/counter_21 (FF)
  Destination:          clk_div_1/counter_4 (FF)
  Requirement:          20.000ns
  Data Path Delay:      7.303ns (Levels of Logic = 3)
  Clock Path Skew:      -0.001ns (0.011 - 0.012)
  Source Clock:         Clk_BUFGP rising at 0.000ns
  Destination Clock:    Clk_BUFGP rising at 20.000ns
  Clock Uncertainty:    0.000ns

  Maximum Data Path: clk_div_1/counter_21 to clk_div_1/counter_4
    Location             Delay type         Delay(ns)  Physical Resource
                                                       Logical Resource(s)
    -------------------------------------------------  -------------------
    SLICE_X49Y80.YQ      Tcko                  0.587   clk_div_1/counter<20>
                                                       clk_div_1/counter_21
    SLICE_X51Y77.F2      net (fanout=3)        1.303   clk_div_1/counter<21>
    SLICE_X51Y77.COUT    Topcyf                1.162   clk_div_1/Mcompar_CLK_OUT_cmp_lt0001_cy<9>
                                                       clk_div_1/Mcompar_CLK_OUT_cmp_lt0001_lut<8>
                                                       clk_div_1/Mcompar_CLK_OUT_cmp_lt0001_cy<8>
                                                       clk_div_1/Mcompar_CLK_OUT_cmp_lt0001_cy<9>
    SLICE_X51Y78.CIN     net (fanout=1)        0.000   clk_div_1/Mcompar_CLK_OUT_cmp_lt0001_cy<9>
    SLICE_X51Y78.COUT    Tbyp                  0.118   clk_div_1/Mcompar_CLK_OUT_cmp_lt0001_cy<11>
                                                       clk_div_1/Mcompar_CLK_OUT_cmp_lt0001_cy<10>
                                                       clk_div_1/Mcompar_CLK_OUT_cmp_lt0001_cy<11>
    SLICE_X48Y80.G2      net (fanout=2)        0.959   clk_div_1/Mcompar_CLK_OUT_cmp_lt0001_cy<11>
    SLICE_X48Y80.Y       Tilo                  0.759   clk_div_1/counter_and0000
                                                       clk_div_1/counter_and00001
    SLICE_X49Y72.SR      net (fanout=16)       1.505   clk_div_1/counter_and0000
    SLICE_X49Y72.CLK     Tsrck                 0.910   clk_div_1/counter<4>
                                                       clk_div_1/counter_4
    -------------------------------------------------  ---------------------------
    Total                                      7.303ns (3.536ns logic, 3.767ns route)
                                                       (48.4% logic, 51.6% route)

--------------------------------------------------------------------------------

Paths for end point clk_div_1/counter_5 (SLICE_X49Y72.SR), 63 paths
--------------------------------------------------------------------------------
Slack (setup path):     12.416ns (requirement - (data path - clock path skew + uncertainty))
  Source:               clk_div_1/counter_25 (FF)
  Destination:          clk_div_1/counter_5 (FF)
  Requirement:          20.000ns
  Data Path Delay:      7.580ns (Levels of Logic = 3)
  Clock Path Skew:      -0.004ns (0.011 - 0.015)
  Source Clock:         Clk_BUFGP rising at 0.000ns
  Destination Clock:    Clk_BUFGP rising at 20.000ns
  Clock Uncertainty:    0.000ns

  Maximum Data Path: clk_div_1/counter_25 to clk_div_1/counter_5
    Location             Delay type         Delay(ns)  Physical Resource
                                                       Logical Resource(s)
    -------------------------------------------------  -------------------
    SLICE_X49Y82.YQ      Tcko                  0.587   clk_div_1/counter<24>
                                                       clk_div_1/counter_25
    SLICE_X51Y77.G1      net (fanout=3)        1.741   clk_div_1/counter<25>
    SLICE_X51Y77.COUT    Topcyg                1.001   clk_div_1/Mcompar_CLK_OUT_cmp_lt0001_cy<9>
                                                       clk_div_1/Mcompar_CLK_OUT_cmp_lt0001_lut<9>
                                                       clk_div_1/Mcompar_CLK_OUT_cmp_lt0001_cy<9>
    SLICE_X51Y78.CIN     net (fanout=1)        0.000   clk_div_1/Mcompar_CLK_OUT_cmp_lt0001_cy<9>
    SLICE_X51Y78.COUT    Tbyp                  0.118   clk_div_1/Mcompar_CLK_OUT_cmp_lt0001_cy<11>
                                                       clk_div_1/Mcompar_CLK_OUT_cmp_lt0001_cy<10>
                                                       clk_div_1/Mcompar_CLK_OUT_cmp_lt0001_cy<11>
    SLICE_X48Y80.G2      net (fanout=2)        0.959   clk_div_1/Mcompar_CLK_OUT_cmp_lt0001_cy<11>
    SLICE_X48Y80.Y       Tilo                  0.759   clk_div_1/counter_and0000
                                                       clk_div_1/counter_and00001
    SLICE_X49Y72.SR      net (fanout=16)       1.505   clk_div_1/counter_and0000
    SLICE_X49Y72.CLK     Tsrck                 0.910   clk_div_1/counter<4>
                                                       clk_div_1/counter_5
    -------------------------------------------------  ---------------------------
    Total                                      7.580ns (3.375ns logic, 4.205ns route)
                                                       (44.5% logic, 55.5% route)

--------------------------------------------------------------------------------
Slack (setup path):     12.538ns (requirement - (data path - clock path skew + uncertainty))
  Source:               clk_div_1/counter_5 (FF)
  Destination:          clk_div_1/counter_5 (FF)
  Requirement:          20.000ns
  Data Path Delay:      7.462ns (Levels of Logic = 6)
  Clock Path Skew:      0.000ns
  Source Clock:         Clk_BUFGP rising at 0.000ns
  Destination Clock:    Clk_BUFGP rising at 20.000ns
  Clock Uncertainty:    0.000ns

  Maximum Data Path: clk_div_1/counter_5 to clk_div_1/counter_5
    Location             Delay type         Delay(ns)  Physical Resource
                                                       Logical Resource(s)
    -------------------------------------------------  -------------------
    SLICE_X49Y72.YQ      Tcko                  0.587   clk_div_1/counter<4>
                                                       clk_div_1/counter_5
    SLICE_X51Y74.F1      net (fanout=3)        1.108   clk_div_1/counter<5>
    SLICE_X51Y74.COUT    Topcyf                1.162   clk_div_1/Mcompar_CLK_OUT_cmp_lt0001_cy<3>
                                                       clk_div_1/counter<5>_rt.1
                                                       clk_div_1/Mcompar_CLK_OUT_cmp_lt0001_cy<2>
                                                       clk_div_1/Mcompar_CLK_OUT_cmp_lt0001_cy<3>
    SLICE_X51Y75.CIN     net (fanout=1)        0.000   clk_div_1/Mcompar_CLK_OUT_cmp_lt0001_cy<3>
    SLICE_X51Y75.COUT    Tbyp                  0.118   clk_div_1/Mcompar_CLK_OUT_cmp_lt0001_cy<5>
                                                       clk_div_1/Mcompar_CLK_OUT_cmp_lt0001_cy<4>
                                                       clk_div_1/Mcompar_CLK_OUT_cmp_lt0001_cy<5>
    SLICE_X51Y76.CIN     net (fanout=1)        0.000   clk_div_1/Mcompar_CLK_OUT_cmp_lt0001_cy<5>
    SLICE_X51Y76.COUT    Tbyp                  0.118   clk_div_1/Mcompar_CLK_OUT_cmp_lt0001_cy<7>
                                                       clk_div_1/Mcompar_CLK_OUT_cmp_lt0001_cy<6>
                                                       clk_div_1/Mcompar_CLK_OUT_cmp_lt0001_cy<7>
    SLICE_X51Y77.CIN     net (fanout=1)        0.000   clk_div_1/Mcompar_CLK_OUT_cmp_lt0001_cy<7>
    SLICE_X51Y77.COUT    Tbyp                  0.118   clk_div_1/Mcompar_CLK_OUT_cmp_lt0001_cy<9>
                                                       clk_div_1/Mcompar_CLK_OUT_cmp_lt0001_cy<8>
                                                       clk_div_1/Mcompar_CLK_OUT_cmp_lt0001_cy<9>
    SLICE_X51Y78.CIN     net (fanout=1)        0.000   clk_div_1/Mcompar_CLK_OUT_cmp_lt0001_cy<9>
    SLICE_X51Y78.COUT    Tbyp                  0.118   clk_div_1/Mcompar_CLK_OUT_cmp_lt0001_cy<11>
                                                       clk_div_1/Mcompar_CLK_OUT_cmp_lt0001_cy<10>
                                                       clk_div_1/Mcompar_CLK_OUT_cmp_lt0001_cy<11>
    SLICE_X48Y80.G2      net (fanout=2)        0.959   clk_div_1/Mcompar_CLK_OUT_cmp_lt0001_cy<11>
    SLICE_X48Y80.Y       Tilo                  0.759   clk_div_1/counter_and0000
                                                       clk_div_1/counter_and00001
    SLICE_X49Y72.SR      net (fanout=16)       1.505   clk_div_1/counter_and0000
    SLICE_X49Y72.CLK     Tsrck                 0.910   clk_div_1/counter<4>
                                                       clk_div_1/counter_5
    -------------------------------------------------  ---------------------------
    Total                                      7.462ns (3.890ns logic, 3.572ns route)
                                                       (52.1% logic, 47.9% route)

--------------------------------------------------------------------------------
Slack (setup path):     12.696ns (requirement - (data path - clock path skew + uncertainty))
  Source:               clk_div_1/counter_21 (FF)
  Destination:          clk_div_1/counter_5 (FF)
  Requirement:          20.000ns
  Data Path Delay:      7.303ns (Levels of Logic = 3)
  Clock Path Skew:      -0.001ns (0.011 - 0.012)
  Source Clock:         Clk_BUFGP rising at 0.000ns
  Destination Clock:    Clk_BUFGP rising at 20.000ns
  Clock Uncertainty:    0.000ns

  Maximum Data Path: clk_div_1/counter_21 to clk_div_1/counter_5
    Location             Delay type         Delay(ns)  Physical Resource
                                                       Logical Resource(s)
    -------------------------------------------------  -------------------
    SLICE_X49Y80.YQ      Tcko                  0.587   clk_div_1/counter<20>
                                                       clk_div_1/counter_21
    SLICE_X51Y77.F2      net (fanout=3)        1.303   clk_div_1/counter<21>
    SLICE_X51Y77.COUT    Topcyf                1.162   clk_div_1/Mcompar_CLK_OUT_cmp_lt0001_cy<9>
                                                       clk_div_1/Mcompar_CLK_OUT_cmp_lt0001_lut<8>
                                                       clk_div_1/Mcompar_CLK_OUT_cmp_lt0001_cy<8>
                                                       clk_div_1/Mcompar_CLK_OUT_cmp_lt0001_cy<9>
    SLICE_X51Y78.CIN     net (fanout=1)        0.000   clk_div_1/Mcompar_CLK_OUT_cmp_lt0001_cy<9>
    SLICE_X51Y78.COUT    Tbyp                  0.118   clk_div_1/Mcompar_CLK_OUT_cmp_lt0001_cy<11>
                                                       clk_div_1/Mcompar_CLK_OUT_cmp_lt0001_cy<10>
                                                       clk_div_1/Mcompar_CLK_OUT_cmp_lt0001_cy<11>
    SLICE_X48Y80.G2      net (fanout=2)        0.959   clk_div_1/Mcompar_CLK_OUT_cmp_lt0001_cy<11>
    SLICE_X48Y80.Y       Tilo                  0.759   clk_div_1/counter_and0000
                                                       clk_div_1/counter_and00001
    SLICE_X49Y72.SR      net (fanout=16)       1.505   clk_div_1/counter_and0000
    SLICE_X49Y72.CLK     Tsrck                 0.910   clk_div_1/counter<4>
                                                       clk_div_1/counter_5
    -------------------------------------------------  ---------------------------
    Total                                      7.303ns (3.536ns logic, 3.767ns route)
                                                       (48.4% logic, 51.6% route)

--------------------------------------------------------------------------------

Paths for end point clk_div_1/counter_6 (SLICE_X49Y73.SR), 63 paths
--------------------------------------------------------------------------------
Slack (setup path):     12.416ns (requirement - (data path - clock path skew + uncertainty))
  Source:               clk_div_1/counter_25 (FF)
  Destination:          clk_div_1/counter_6 (FF)
  Requirement:          20.000ns
  Data Path Delay:      7.580ns (Levels of Logic = 3)
  Clock Path Skew:      -0.004ns (0.011 - 0.015)
  Source Clock:         Clk_BUFGP rising at 0.000ns
  Destination Clock:    Clk_BUFGP rising at 20.000ns
  Clock Uncertainty:    0.000ns

  Maximum Data Path: clk_div_1/counter_25 to clk_div_1/counter_6
    Location             Delay type         Delay(ns)  Physical Resource
                                                       Logical Resource(s)
    -------------------------------------------------  -------------------
    SLICE_X49Y82.YQ      Tcko                  0.587   clk_div_1/counter<24>
                                                       clk_div_1/counter_25
    SLICE_X51Y77.G1      net (fanout=3)        1.741   clk_div_1/counter<25>
    SLICE_X51Y77.COUT    Topcyg                1.001   clk_div_1/Mcompar_CLK_OUT_cmp_lt0001_cy<9>
                                                       clk_div_1/Mcompar_CLK_OUT_cmp_lt0001_lut<9>
                                                       clk_div_1/Mcompar_CLK_OUT_cmp_lt0001_cy<9>
    SLICE_X51Y78.CIN     net (fanout=1)        0.000   clk_div_1/Mcompar_CLK_OUT_cmp_lt0001_cy<9>
    SLICE_X51Y78.COUT    Tbyp                  0.118   clk_div_1/Mcompar_CLK_OUT_cmp_lt0001_cy<11>
                                                       clk_div_1/Mcompar_CLK_OUT_cmp_lt0001_cy<10>
                                                       clk_div_1/Mcompar_CLK_OUT_cmp_lt0001_cy<11>
    SLICE_X48Y80.G2      net (fanout=2)        0.959   clk_div_1/Mcompar_CLK_OUT_cmp_lt0001_cy<11>
    SLICE_X48Y80.Y       Tilo                  0.759   clk_div_1/counter_and0000
                                                       clk_div_1/counter_and00001
    SLICE_X49Y73.SR      net (fanout=16)       1.505   clk_div_1/counter_and0000
    SLICE_X49Y73.CLK     Tsrck                 0.910   clk_div_1/counter<6>
                                                       clk_div_1/counter_6
    -------------------------------------------------  ---------------------------
    Total                                      7.580ns (3.375ns logic, 4.205ns route)
                                                       (44.5% logic, 55.5% route)

--------------------------------------------------------------------------------
Slack (setup path):     12.538ns (requirement - (data path - clock path skew + uncertainty))
  Source:               clk_div_1/counter_5 (FF)
  Destination:          clk_div_1/counter_6 (FF)
  Requirement:          20.000ns
  Data Path Delay:      7.462ns (Levels of Logic = 6)
  Clock Path Skew:      0.000ns
  Source Clock:         Clk_BUFGP rising at 0.000ns
  Destination Clock:    Clk_BUFGP rising at 20.000ns
  Clock Uncertainty:    0.000ns

  Maximum Data Path: clk_div_1/counter_5 to clk_div_1/counter_6
    Location             Delay type         Delay(ns)  Physical Resource
                                                       Logical Resource(s)
    -------------------------------------------------  -------------------
    SLICE_X49Y72.YQ      Tcko                  0.587   clk_div_1/counter<4>
                                                       clk_div_1/counter_5
    SLICE_X51Y74.F1      net (fanout=3)        1.108   clk_div_1/counter<5>
    SLICE_X51Y74.COUT    Topcyf                1.162   clk_div_1/Mcompar_CLK_OUT_cmp_lt0001_cy<3>
                                                       clk_div_1/counter<5>_rt.1
                                                       clk_div_1/Mcompar_CLK_OUT_cmp_lt0001_cy<2>
                                                       clk_div_1/Mcompar_CLK_OUT_cmp_lt0001_cy<3>
    SLICE_X51Y75.CIN     net (fanout=1)        0.000   clk_div_1/Mcompar_CLK_OUT_cmp_lt0001_cy<3>
    SLICE_X51Y75.COUT    Tbyp                  0.118   clk_div_1/Mcompar_CLK_OUT_cmp_lt0001_cy<5>
                                                       clk_div_1/Mcompar_CLK_OUT_cmp_lt0001_cy<4>
                                                       clk_div_1/Mcompar_CLK_OUT_cmp_lt0001_cy<5>
    SLICE_X51Y76.CIN     net (fanout=1)        0.000   clk_div_1/Mcompar_CLK_OUT_cmp_lt0001_cy<5>
    SLICE_X51Y76.COUT    Tbyp                  0.118   clk_div_1/Mcompar_CLK_OUT_cmp_lt0001_cy<7>
                                                       clk_div_1/Mcompar_CLK_OUT_cmp_lt0001_cy<6>
                                                       clk_div_1/Mcompar_CLK_OUT_cmp_lt0001_cy<7>
    SLICE_X51Y77.CIN     net (fanout=1)        0.000   clk_div_1/Mcompar_CLK_OUT_cmp_lt0001_cy<7>
    SLICE_X51Y77.COUT    Tbyp                  0.118   clk_div_1/Mcompar_CLK_OUT_cmp_lt0001_cy<9>
                                                       clk_div_1/Mcompar_CLK_OUT_cmp_lt0001_cy<8>
                                                       clk_div_1/Mcompar_CLK_OUT_cmp_lt0001_cy<9>
    SLICE_X51Y78.CIN     net (fanout=1)        0.000   clk_div_1/Mcompar_CLK_OUT_cmp_lt0001_cy<9>
    SLICE_X51Y78.COUT    Tbyp                  0.118   clk_div_1/Mcompar_CLK_OUT_cmp_lt0001_cy<11>
                                                       clk_div_1/Mcompar_CLK_OUT_cmp_lt0001_cy<10>
                                                       clk_div_1/Mcompar_CLK_OUT_cmp_lt0001_cy<11>
    SLICE_X48Y80.G2      net (fanout=2)        0.959   clk_div_1/Mcompar_CLK_OUT_cmp_lt0001_cy<11>
    SLICE_X48Y80.Y       Tilo                  0.759   clk_div_1/counter_and0000
                                                       clk_div_1/counter_and00001
    SLICE_X49Y73.SR      net (fanout=16)       1.505   clk_div_1/counter_and0000
    SLICE_X49Y73.CLK     Tsrck                 0.910   clk_div_1/counter<6>
                                                       clk_div_1/counter_6
    -------------------------------------------------  ---------------------------
    Total                                      7.462ns (3.890ns logic, 3.572ns route)
                                                       (52.1% logic, 47.9% route)

--------------------------------------------------------------------------------
Slack (setup path):     12.696ns (requirement - (data path - clock path skew + uncertainty))
  Source:               clk_div_1/counter_21 (FF)
  Destination:          clk_div_1/counter_6 (FF)
  Requirement:          20.000ns
  Data Path Delay:      7.303ns (Levels of Logic = 3)
  Clock Path Skew:      -0.001ns (0.011 - 0.012)
  Source Clock:         Clk_BUFGP rising at 0.000ns
  Destination Clock:    Clk_BUFGP rising at 20.000ns
  Clock Uncertainty:    0.000ns

  Maximum Data Path: clk_div_1/counter_21 to clk_div_1/counter_6
    Location             Delay type         Delay(ns)  Physical Resource
                                                       Logical Resource(s)
    -------------------------------------------------  -------------------
    SLICE_X49Y80.YQ      Tcko                  0.587   clk_div_1/counter<20>
                                                       clk_div_1/counter_21
    SLICE_X51Y77.F2      net (fanout=3)        1.303   clk_div_1/counter<21>
    SLICE_X51Y77.COUT    Topcyf                1.162   clk_div_1/Mcompar_CLK_OUT_cmp_lt0001_cy<9>
                                                       clk_div_1/Mcompar_CLK_OUT_cmp_lt0001_lut<8>
                                                       clk_div_1/Mcompar_CLK_OUT_cmp_lt0001_cy<8>
                                                       clk_div_1/Mcompar_CLK_OUT_cmp_lt0001_cy<9>
    SLICE_X51Y78.CIN     net (fanout=1)        0.000   clk_div_1/Mcompar_CLK_OUT_cmp_lt0001_cy<9>
    SLICE_X51Y78.COUT    Tbyp                  0.118   clk_div_1/Mcompar_CLK_OUT_cmp_lt0001_cy<11>
                                                       clk_div_1/Mcompar_CLK_OUT_cmp_lt0001_cy<10>
                                                       clk_div_1/Mcompar_CLK_OUT_cmp_lt0001_cy<11>
    SLICE_X48Y80.G2      net (fanout=2)        0.959   clk_div_1/Mcompar_CLK_OUT_cmp_lt0001_cy<11>
    SLICE_X48Y80.Y       Tilo                  0.759   clk_div_1/counter_and0000
                                                       clk_div_1/counter_and00001
    SLICE_X49Y73.SR      net (fanout=16)       1.505   clk_div_1/counter_and0000
    SLICE_X49Y73.CLK     Tsrck                 0.910   clk_div_1/counter<6>
                                                       clk_div_1/counter_6
    -------------------------------------------------  ---------------------------
    Total                                      7.303ns (3.536ns logic, 3.767ns route)
                                                       (48.4% logic, 51.6% route)

--------------------------------------------------------------------------------

Hold Paths: NET "Clk_BUFGP/IBUFG" PERIOD = 20 ns HIGH 40%;
--------------------------------------------------------------------------------

Paths for end point clk_div_1/counter_18 (SLICE_X49Y79.F4), 1 path
--------------------------------------------------------------------------------
Slack (hold path):      1.617ns (requirement - (clock path skew + uncertainty - data path))
  Source:               clk_div_1/counter_18 (FF)
  Destination:          clk_div_1/counter_18 (FF)
  Requirement:          0.000ns
  Data Path Delay:      1.617ns (Levels of Logic = 1)
  Clock Path Skew:      0.000ns
  Source Clock:         Clk_BUFGP rising at 20.000ns
  Destination Clock:    Clk_BUFGP rising at 20.000ns
  Clock Uncertainty:    0.000ns

  Minimum Data Path: clk_div_1/counter_18 to clk_div_1/counter_18
    Location             Delay type         Delay(ns)  Physical Resource
                                                       Logical Resource(s)
    -------------------------------------------------  -------------------
    SLICE_X49Y79.XQ      Tcko                  0.473   clk_div_1/counter<18>
                                                       clk_div_1/counter_18
    SLICE_X49Y79.F4      net (fanout=3)        0.343   clk_div_1/counter<18>
    SLICE_X49Y79.CLK     Tckf        (-Th)    -0.801   clk_div_1/counter<18>
                                                       clk_div_1/counter<18>_rt
                                                       clk_div_1/Mcount_counter_xor<18>
                                                       clk_div_1/counter_18
    -------------------------------------------------  ---------------------------
    Total                                      1.617ns (1.274ns logic, 0.343ns route)
                                                       (78.8% logic, 21.2% route)

--------------------------------------------------------------------------------

Paths for end point clk_div_1/counter_24 (SLICE_X49Y82.F3), 1 path
--------------------------------------------------------------------------------
Slack (hold path):      1.622ns (requirement - (clock path skew + uncertainty - data path))
  Source:               clk_div_1/counter_24 (FF)
  Destination:          clk_div_1/counter_24 (FF)
  Requirement:          0.000ns
  Data Path Delay:      1.622ns (Levels of Logic = 1)
  Clock Path Skew:      0.000ns
  Source Clock:         Clk_BUFGP rising at 20.000ns
  Destination Clock:    Clk_BUFGP rising at 20.000ns
  Clock Uncertainty:    0.000ns

  Minimum Data Path: clk_div_1/counter_24 to clk_div_1/counter_24
    Location             Delay type         Delay(ns)  Physical Resource
                                                       Logical Resource(s)
    -------------------------------------------------  -------------------
    SLICE_X49Y82.XQ      Tcko                  0.473   clk_div_1/counter<24>
                                                       clk_div_1/counter_24
    SLICE_X49Y82.F3      net (fanout=3)        0.348   clk_div_1/counter<24>
    SLICE_X49Y82.CLK     Tckf        (-Th)    -0.801   clk_div_1/counter<24>
                                                       clk_div_1/counter<24>_rt
                                                       clk_div_1/Mcount_counter_xor<24>
                                                       clk_div_1/counter_24
    -------------------------------------------------  ---------------------------
    Total                                      1.622ns (1.274ns logic, 0.348ns route)
                                                       (78.5% logic, 21.5% route)

--------------------------------------------------------------------------------

Paths for end point clk_div_1/counter_30 (SLICE_X49Y85.F3), 1 path
--------------------------------------------------------------------------------
Slack (hold path):      1.622ns (requirement - (clock path skew + uncertainty - data path))
  Source:               clk_div_1/counter_30 (FF)
  Destination:          clk_div_1/counter_30 (FF)
  Requirement:          0.000ns
  Data Path Delay:      1.622ns (Levels of Logic = 1)
  Clock Path Skew:      0.000ns
  Source Clock:         Clk_BUFGP rising at 20.000ns
  Destination Clock:    Clk_BUFGP rising at 20.000ns
  Clock Uncertainty:    0.000ns

  Minimum Data Path: clk_div_1/counter_30 to clk_div_1/counter_30
    Location             Delay type         Delay(ns)  Physical Resource
                                                       Logical Resource(s)
    -------------------------------------------------  -------------------
    SLICE_X49Y85.XQ      Tcko                  0.473   clk_div_1/counter<30>
                                                       clk_div_1/counter_30
    SLICE_X49Y85.F3      net (fanout=3)        0.348   clk_div_1/counter<30>
    SLICE_X49Y85.CLK     Tckf        (-Th)    -0.801   clk_div_1/counter<30>
                                                       clk_div_1/counter<30>_rt
                                                       clk_div_1/Mcount_counter_xor<30>
                                                       clk_div_1/counter_30
    -------------------------------------------------  ---------------------------
    Total                                      1.622ns (1.274ns logic, 0.348ns route)
                                                       (78.5% logic, 21.5% route)

--------------------------------------------------------------------------------

Component Switching Limit Checks: NET "Clk_BUFGP/IBUFG" PERIOD = 20 ns HIGH 40%;
--------------------------------------------------------------------------------
Slack: 17.935ns (period - (min high pulse limit / (high pulse / period)))
  Period: 20.000ns
  High pulse: 8.000ns
  High pulse limit: 0.826ns (Tch)
  Physical resource: clk_div_1/CLK_OUT1/CLK
  Logical resource: clk_div_1/CLK_OUT/CK
  Location pin: SLICE_X48Y81.CLK
  Clock network: Clk_BUFGP
--------------------------------------------------------------------------------
Slack: 18.005ns (period - (min high pulse limit / (high pulse / period)))
  Period: 20.000ns
  High pulse: 8.000ns
  High pulse limit: 0.798ns (Tch)
  Physical resource: clk_div_1/counter<0>/CLK
  Logical resource: clk_div_1/counter_0/CK
  Location pin: SLICE_X49Y70.CLK
  Clock network: Clk_BUFGP
--------------------------------------------------------------------------------
Slack: 18.005ns (period - (min high pulse limit / (high pulse / period)))
  Period: 20.000ns
  High pulse: 8.000ns
  High pulse limit: 0.798ns (Tch)
  Physical resource: clk_div_1/counter<0>/CLK
  Logical resource: clk_div_1/counter_1/CK
  Location pin: SLICE_X49Y70.CLK
  Clock network: Clk_BUFGP
--------------------------------------------------------------------------------


All constraints were met.


Data Sheet report:
-----------------
All values displayed in nanoseconds (ns)

Clock to Setup on destination clock Clk
---------------+---------+---------+---------+---------+
               | Src:Rise| Src:Fall| Src:Rise| Src:Fall|
Source Clock   |Dest:Rise|Dest:Rise|Dest:Fall|Dest:Fall|
---------------+---------+---------+---------+---------+
Clk            |    7.584|         |         |         |
---------------+---------+---------+---------+---------+


Timing summary:
---------------

Timing errors: 0  Score: 0  (Setup/Max: 0, Hold: 0)

Constraints cover 2607 paths, 0 nets, and 158 connections

Design statistics:
   Minimum period:   7.584ns{1}   (Maximum frequency: 131.857MHz)


------------------------------------Footnotes-----------------------------------
1)  The minimum period statistic assumes all single cycle delays.

Analysis completed Wed Jan 09 02:49:54 2019 
--------------------------------------------------------------------------------

Trace Settings:
-------------------------
Trace Settings 

Peak Memory Usage: 4526 MB



