Command line:
   tb_roundcounter_isim_beh.exe
     -simmode  gui
     -simrunnum  0
     -socket  49916

Tue Jan 08 00:08:12 2019


 Elaboration Time: 0.03125 sec

 Current Memory Usage: 5174.07 Meg

 Total Signals          : 21
 Total Nets             : 19
 Total Signal Drivers   : 13
 Total Blocks           : 5
 Total Primitive Blocks : 4
 Total Processes        : 7
 Total Traceable Variables  : 11
 Total Scalar Nets and Variables : 398
Total Line Count : 74

 Total Simulation Time: 0.03125 sec

 Current Memory Usage: 4702.21 Meg

Tue Jan 08 01:54:58 2019

