Command line:
   tb_round_isim_beh.exe
     -simmode  gui
     -simrunnum  0
     -socket  63682

Tue Nov 13 22:44:38 2018


 Elaboration Time: 0.015625 sec

 Current Memory Usage: 5174.1 Meg

 Total Signals          : 104
 Total Nets             : 860
 Total Signal Drivers   : 48
 Total Blocks           : 19
 Total Primitive Blocks : 17
 Total Processes        : 35
 Total Traceable Variables  : 10
 Total Scalar Nets and Variables : 1238
Total Line Count : 183

 Total Simulation Time: 0.0625 sec

 Current Memory Usage: 5174.1 Meg

Tue Nov 13 22:53:19 2018

